<?xml version="1.0" encoding="UTF-8"?>
<testng-results ignored="0" total="0" passed="0" failed="0" skipped="0">
  <reporter-output>
  </reporter-output>
  <suite started-at="2020-11-09T07:23:44Z" name="com.atmecs.automationAspireportal.AppTest" finished-at="2020-11-09T07:23:44Z" duration-ms="15">
    <groups>
    </groups>
    <test started-at="2020-11-09T07:23:44Z" name="Command line test" finished-at="2020-11-09T07:23:44Z" duration-ms="15">
    </test> <!-- Command line test -->
  </suite> <!-- com.atmecs.automationAspireportal.AppTest -->
</testng-results>
