<?xml version="1.0" encoding="UTF-8"?>
<testng-results ignored="0" total="1" passed="1" failed="0" skipped="0">
  <reporter-output>
    <line>
      <![CDATA[INFO: The value found with Environment variable Falcon is: Falcon]]>
    </line>
    <line>
      <![CDATA[INFO: The value found with Environment Module variable googlesearch is: googlesearch]]>
    </line>
    <line>
      <![CDATA[The value found with Environment variable WIN_10_chrome_84 is: WIN_10_chrome_84]]>
    </line>
    <line>
      <![CDATA[INFO: Clients Found: [Falcon]
]]>
    </line>
    <line>
      <![CDATA[INFO: Modules Selected: [googlesearch]
]]>
    </line>
    <line>
      <![CDATA[INFO: New Suite Created with name: Falcon-Sample-WIN_10_chrome_84]]>
    </line>
    <line>
      <![CDATA[<?xml version="1.0" encoding="UTF-8"?>
<!DOCTYPE suite SYSTEM "http://testng.org/testng-1.0.dtd">
<suite name="Falcon-Sample-WIN_10_chrome_84">
  <parameter name="os" value="WIN"/>
  <parameter name="osVersion" value="10"/>
  <parameter name="browser" value="chrome"/>
  <parameter name="browserVersion" value="84"/>
  <test thread-count="5" name="SampleTest">
    <classes>
      <class name="com.atmecs.automationAspireportal.testscript.SampleTestScript"/>
    </classes>
  </test> <!-- SampleTest -->
</suite> <!-- Falcon-Sample-WIN_10_chrome_84 -->
]]>
    </line>
    <line>
      <![CDATA[Opening browser: chrome]]>
    </line>
    <line>
      <![CDATA[Maximizing browser window]]>
    </line>
    <line>
      <![CDATA[entering text: Selenium]]>
    </line>
    <line>
      <![CDATA[pressing enter key]]>
    </line>
    <line>
      <![CDATA[waiting for 2 second]]>
    </line>
    <line>
      <![CDATA[verifying page title]]>
    </line>
    <line>
      <![CDATA[PASS : Verifying String Message  : ACTUAL : Selenium - Google Search EXPECTED :Selenium - Google Search]]>
    </line>
  </reporter-output>
  <suite started-at="2020-11-09T07:23:45Z" name="Falcon-Sample-WIN_10_chrome_84" finished-at="2020-11-09T07:24:00Z" duration-ms="14933">
    <groups>
    </groups>
    <test started-at="2020-11-09T07:23:45Z" name="SampleTest" finished-at="2020-11-09T07:24:00Z" duration-ms="14933">
      <class name="com.atmecs.automationAspireportal.testscript.SampleTestScript">
        <test-method is-config="true" signature="preSetup()[pri:0, instance:com.atmecs.automationAspireportal.testscript.SampleTestScript@4d20e91c]" started-at="2020-11-09T07:23:45Z" name="preSetup" finished-at="2020-11-09T07:23:45Z" duration-ms="108" status="PASS">
          <reporter-output>
          </reporter-output>
        </test-method> <!-- preSetup -->
        <test-method signature="sampleTest(java.lang.String, java.lang.String, java.lang.String, java.lang.String)[pri:0, instance:com.atmecs.automationAspireportal.testscript.SampleTestScript@4d20e91c]" started-at="2020-11-09T07:23:45Z" name="sampleTest" finished-at="2020-11-09T07:23:59Z" duration-ms="14055" status="PASS">
          <params>
            <param index="0">
              <value>
                <![CDATA[WIN]]>
              </value>
            </param>
            <param index="1">
              <value>
                <![CDATA[10]]>
              </value>
            </param>
            <param index="2">
              <value>
                <![CDATA[chrome]]>
              </value>
            </param>
            <param index="3">
              <value>
                <![CDATA[84]]>
              </value>
            </param>
          </params>
          <reporter-output>
            <line>
              <![CDATA[Opening browser: chrome]]>
            </line>
            <line>
              <![CDATA[Maximizing browser window]]>
            </line>
            <line>
              <![CDATA[entering text: Selenium]]>
            </line>
            <line>
              <![CDATA[pressing enter key]]>
            </line>
            <line>
              <![CDATA[waiting for 2 second]]>
            </line>
            <line>
              <![CDATA[verifying page title]]>
            </line>
            <line>
              <![CDATA[PASS : Verifying String Message  : ACTUAL : Selenium - Google Search EXPECTED :Selenium - Google Search]]>
            </line>
          </reporter-output>
        </test-method> <!-- sampleTest -->
        <test-method is-config="true" signature="teardown()[pri:0, instance:com.atmecs.automationAspireportal.testscript.SampleTestScript@4d20e91c]" started-at="2020-11-09T07:23:59Z" name="teardown" finished-at="2020-11-09T07:24:00Z" duration-ms="740" status="PASS">
          <reporter-output>
          </reporter-output>
        </test-method> <!-- teardown -->
      </class> <!-- com.atmecs.automationAspireportal.testscript.SampleTestScript -->
    </test> <!-- SampleTest -->
  </suite> <!-- Falcon-Sample-WIN_10_chrome_84 -->
</testng-results>
