<?xml version="1.0" encoding="UTF-8"?>
<testng-results ignored="0" total="1" passed="0" failed="1" skipped="0">
  <reporter-output>
    <line>
      <![CDATA[INFO: The value found with Environment variable Falcon is: Falcon]]>
    </line>
    <line>
      <![CDATA[INFO: The value found with Environment Module variable loginpage is: loginpage]]>
    </line>
    <line>
      <![CDATA[The value found with Environment variable WIN_10_chrome_86 is: WIN_10_chrome_86]]>
    </line>
    <line>
      <![CDATA[INFO: Clients Found: [Falcon]
]]>
    </line>
    <line>
      <![CDATA[INFO: Modules Selected: [loginpage]
]]>
    </line>
    <line>
      <![CDATA[INFO: New Suite Created with name: Falcon-Sample-WIN_10_chrome_86]]>
    </line>
    <line>
      <![CDATA[<?xml version="1.0" encoding="UTF-8"?>
<!DOCTYPE suite SYSTEM "http://testng.org/testng-1.0.dtd">
<suite name="Falcon-Sample-WIN_10_chrome_86">
  <parameter name="os" value="WIN"/>
  <parameter name="osVersion" value="10"/>
  <parameter name="browser" value="chrome"/>
  <parameter name="browserVersion" value="86"/>
  <test thread-count="5" name="SampleTest">
    <classes>
      <class name="com.atmecs.automationAspireportal.testscript.TC01_LoginPage"/>
    </classes>
  </test> <!-- SampleTest -->
</suite> <!-- Falcon-Sample-WIN_10_chrome_86 -->
]]>
    </line>
    <line>
      <![CDATA[Opening browser: chrome]]>
    </line>
    <line>
      <![CDATA[Maximizing browser window]]>
    </line>
    <line>
      <![CDATA[Successfully entered Email]]>
    </line>
    <line>
      <![CDATA[Successfully entered Password]]>
    </line>
    <line>
      <![CDATA[Successfully clicked on login button]]>
    </line>
    <line>
      <![CDATA[No such element found with xpath //span[@class="logo-text"]]]>
    </line>
    <line>
      <![CDATA[FAIL : Error occurred, capturing screenshot; refer to ERROR tab for more details]]>
    </line>
    <line>
      <![CDATA[IMG : ed7f2d5f-d671-4da4-a10c-ee21a886ac46]]>
    </line>
  </reporter-output>
  <suite started-at="2020-11-09T08:38:43Z" name="Falcon-Sample-WIN_10_chrome_86" finished-at="2020-11-09T08:39:14Z" duration-ms="31097">
    <groups>
    </groups>
    <test started-at="2020-11-09T08:38:43Z" name="SampleTest" finished-at="2020-11-09T08:39:14Z" duration-ms="31097">
      <class name="com.atmecs.automationAspireportal.testscript.TC01_LoginPage">
        <test-method is-config="true" signature="preSetup(java.lang.String, java.lang.String, java.lang.String, java.lang.String)[pri:0, instance:com.atmecs.automationAspireportal.testscript.TC01_LoginPage@6216694e]" started-at="2020-11-09T08:38:43Z" name="preSetup" finished-at="2020-11-09T08:39:00Z" duration-ms="17436" status="PASS">
          <params>
            <param index="0">
              <value>
                <![CDATA[WIN]]>
              </value>
            </param>
            <param index="1">
              <value>
                <![CDATA[10]]>
              </value>
            </param>
            <param index="2">
              <value>
                <![CDATA[chrome]]>
              </value>
            </param>
            <param index="3">
              <value>
                <![CDATA[86]]>
              </value>
            </param>
          </params>
          <reporter-output>
            <line>
              <![CDATA[Opening browser: chrome]]>
            </line>
            <line>
              <![CDATA[Maximizing browser window]]>
            </line>
          </reporter-output>
        </test-method> <!-- preSetup -->
        <test-method signature="LoginPage()[pri:0, instance:com.atmecs.automationAspireportal.testscript.TC01_LoginPage@6216694e]" started-at="2020-11-09T08:39:00Z" name="LoginPage" finished-at="2020-11-09T08:39:12Z" duration-ms="12129" status="FAIL">
          <exception class="java.lang.NullPointerException">
            <full-stacktrace>
              <![CDATA[java.lang.NullPointerException
at com.atmecs.aspireportalAutomation.utils.Pageactions.sendKeys(Pageactions.java:114)
at com.atmecs.automationAspireportal.testscript.TC01_LoginPage.LoginPage(TC01_LoginPage.java:43)
at java.base/jdk.internal.reflect.NativeMethodAccessorImpl.invoke0(Native Method)
at java.base/jdk.internal.reflect.NativeMethodAccessorImpl.invoke(NativeMethodAccessorImpl.java:62)
at java.base/jdk.internal.reflect.DelegatingMethodAccessorImpl.invoke(DelegatingMethodAccessorImpl.java:43)
at java.base/java.lang.reflect.Method.invoke(Method.java:567)
at org.testng.internal.MethodInvocationHelper.invokeMethod(MethodInvocationHelper.java:124)
at org.testng.internal.Invoker.invokeMethod(Invoker.java:583)
at org.testng.internal.Invoker.invokeTestMethod(Invoker.java:719)
at org.testng.internal.Invoker.invokeTestMethods(Invoker.java:989)
at org.testng.internal.TestMethodWorker.invokeTestMethods(TestMethodWorker.java:125)
at org.testng.internal.TestMethodWorker.run(TestMethodWorker.java:109)
at org.testng.TestRunner.privateRun(TestRunner.java:648)
at org.testng.TestRunner.run(TestRunner.java:505)
at org.testng.SuiteRunner.runTest(SuiteRunner.java:455)
at org.testng.SuiteRunner.runSequentially(SuiteRunner.java:450)
at org.testng.SuiteRunner.privateRun(SuiteRunner.java:415)
at org.testng.SuiteRunner.run(SuiteRunner.java:364)
at org.testng.SuiteRunnerWorker.runSuite(SuiteRunnerWorker.java:52)
at org.testng.SuiteRunnerWorker.run(SuiteRunnerWorker.java:84)
at org.testng.TestNG.runSuitesSequentially(TestNG.java:1208)
at org.testng.TestNG.runSuitesLocally(TestNG.java:1137)
at org.testng.TestNG.runSuites(TestNG.java:1049)
at org.testng.TestNG.run(TestNG.java:1017)
at com.atmecs.automationAspireportal.runner.TestNGRunner.main(TestNGRunner.java:61)
at java.base/jdk.internal.reflect.NativeMethodAccessorImpl.invoke0(Native Method)
at java.base/jdk.internal.reflect.NativeMethodAccessorImpl.invoke(NativeMethodAccessorImpl.java:62)
at java.base/jdk.internal.reflect.DelegatingMethodAccessorImpl.invoke(DelegatingMethodAccessorImpl.java:43)
at java.base/java.lang.reflect.Method.invoke(Method.java:567)
at org.codehaus.mojo.exec.ExecJavaMojo$1.run(ExecJavaMojo.java:294)
at java.base/java.lang.Thread.run(Thread.java:830)
]]>
            </full-stacktrace>
          </exception> <!-- java.lang.NullPointerException -->
          <reporter-output>
            <line>
              <![CDATA[Successfully entered Email]]>
            </line>
            <line>
              <![CDATA[Successfully entered Password]]>
            </line>
            <line>
              <![CDATA[Successfully clicked on login button]]>
            </line>
            <line>
              <![CDATA[No such element found with xpath //span[@class="logo-text"]]]>
            </line>
            <line>
              <![CDATA[FAIL : Error occurred, capturing screenshot; refer to ERROR tab for more details]]>
            </line>
            <line>
              <![CDATA[IMG : ed7f2d5f-d671-4da4-a10c-ee21a886ac46]]>
            </line>
          </reporter-output>
        </test-method> <!-- LoginPage -->
        <test-method is-config="true" signature="teardown()[pri:0, instance:com.atmecs.automationAspireportal.testscript.TC01_LoginPage@6216694e]" started-at="2020-11-09T08:39:13Z" name="teardown" finished-at="2020-11-09T08:39:14Z" duration-ms="441" status="PASS">
          <reporter-output>
          </reporter-output>
        </test-method> <!-- teardown -->
      </class> <!-- com.atmecs.automationAspireportal.testscript.TC01_LoginPage -->
    </test> <!-- SampleTest -->
  </suite> <!-- Falcon-Sample-WIN_10_chrome_86 -->
</testng-results>
