<?xml version="1.0" encoding="UTF-8"?>
<!-- Generated by org.testng.reporters.JUnitXMLReporter -->
<testsuite ignored="0" hostname="ATMECSINLT-060" failures="1" tests="1" name="SampleTest" time="31.097" errors="0" timestamp="09 Nov 2020 08:39:14 GMT">
  <testcase classname="com.atmecs.automationAspireportal.testscript.TC01_LoginPage" name="LoginPage" time="12.129">
    <failure type="java.lang.NullPointerException">
      <![CDATA[java.lang.NullPointerException
at com.atmecs.aspireportalAutomation.utils.Pageactions.sendKeys(Pageactions.java:114)
at com.atmecs.automationAspireportal.testscript.TC01_LoginPage.LoginPage(TC01_LoginPage.java:43)
at com.atmecs.automationAspireportal.runner.TestNGRunner.main(TestNGRunner.java:61)
at org.codehaus.mojo.exec.ExecJavaMojo$1.run(ExecJavaMojo.java:294)
at java.base/java.lang.Thread.run(Thread.java:830)
... Removed 26 stack frames]]>
    </failure>
  </testcase> <!-- LoginPage -->
</testsuite> <!-- SampleTest -->
