<?xml version="1.0" encoding="UTF-8"?>
<!-- Generated by org.testng.reporters.JUnitXMLReporter -->
<testsuite ignored="0" hostname="ATMECSINLT-060" failures="1" tests="1" name="SampleTest" time="30.396" errors="0" timestamp="12 Nov 2020 14:31:37 GMT">
  <testcase classname="com.atmecs.automationAspireportal.testscript.TC05_ShiftsPage" name="Shifts" time="20.247">
    <failure type="java.lang.NullPointerException">
      <![CDATA[java.lang.NullPointerException
at com.atmecs.automationAspireportal.utils.Pageactions.getLocator(Pageactions.java:98)
at com.atmecs.automationAspireportal.utils.Pageactions.sendKeys(Pageactions.java:120)
at com.atmecs.automationAspireportal.helper.ValidationHelper.selectproject(ValidationHelper.java:78)
at com.atmecs.automationAspireportal.testscript.TC05_ShiftsPage.Shifts(TC05_ShiftsPage.java:31)
at com.atmecs.automationAspireportal.runner.TestNGRunner.main(TestNGRunner.java:61)
at org.codehaus.mojo.exec.ExecJavaMojo$1.run(ExecJavaMojo.java:294)
at java.base/java.lang.Thread.run(Thread.java:830)
... Removed 26 stack frames]]>
    </failure>
  </testcase> <!-- Shifts -->
</testsuite> <!-- SampleTest -->
